<?xml version="1.0" encoding="UTF-8"?>
<testsuite xmlns:xsi="http://www.w3.org/2001/XMLSchema-instance" xsi:schemaLocation="https://maven.apache.org/surefire/maven-surefire-plugin/xsd/surefire-test-report.xsd" name="TestSuite" time="8.218" tests="1" errors="0" skipped="0" failures="1">
  <properties>
[...]
</properties>
  <testcase name="testLogin" classname="vixxo.ORMBTest.ExecuteTest" time="7.306">
    <failure type="java.lang.NullPointerException">java.lang.NullPointerException
	at vixxo.ORMBTest.ExecuteTest.testLogin(ExecuteTest.java:71)
</failure>
    <system-out><![CDATA[New Testcase->Login In Application Started
GOTOURL------------url

SETTEXT----username----name----SYSUSER

SETTEXT----password----name----sysuser00

CLICK----loginButton----id----Login

]]></system-out>
    <system-err><![CDATA[1492185352646	geckodriver	INFO	Listening on 127.0.0.1:9703
1492185353310	mozprofile::profile	INFO	Using profile path C:\Users\LKANDU~1\AppData\Local\Temp\rust_mozprofile.ZA3FCp3x3nDj
1492185353324	geckodriver::marionette	INFO	Starting browser C:\Program Files (x86)\Mozilla Firefox\firefox.exe with args []
1492185353365	geckodriver::marionette	INFO	Connecting to Marionette on localhost:54021
1492185354731	Marionette	INFO	Listening on port 54021
Apr 14, 2017 8:55:56 AM org.openqa.selenium.remote.ProtocolHandshake createSession
INFO: Detected dialect: W3C
]]></system-err>
  </testcase>
</testsuite>