-------------------------------------------------------------------------------
Test set: TestSuite
-------------------------------------------------------------------------------
Tests run: 1, Failures: 1, Errors: 0, Skipped: 0, Time elapsed: 8.218 sec <<< FAILURE! - in TestSuite
testLogin(vixxo.ORMBTest.ExecuteTest)  Time elapsed: 7.306 sec  <<< FAILURE!
java.lang.NullPointerException
	at vixxo.ORMBTest.ExecuteTest.testLogin(ExecuteTest.java:71)

