<?xml version="1.0" encoding="UTF-8"?>
<!-- Generated by org.testng.reporters.JUnitXMLReporter -->
<testsuite hostname="VAZSITF2MR" ignored="0" name="ORMB Test" tests="1" failures="1" timestamp="10 Apr 2017 23:39:11 GMT" time="5.165" errors="0">
  <testcase name="testLogin" time="5.132" classname="vixxo.ORMBTest.ExecuteTest">
    <failure type="java.lang.NoClassDefFoundError" message="org/apache/poi/ss/formula/udf/UDFFinder">
      <![CDATA[java.lang.NoClassDefFoundError: org/apache/poi/ss/formula/udf/UDFFinder
	at vixxo.ORMBTest.ReadExcelFile.readExcel(ReadExcelFile.java:24)
	at vixxo.ORMBTest.ExecuteTest.testLogin(ExecuteTest.java:23)
Caused by: java.lang.ClassNotFoundException: org.apache.poi.ss.formula.udf.UDFFinder
	at java.net.URLClassLoader.findClass(Unknown Source)
	at java.lang.ClassLoader.loadClass(Unknown Source)
	at sun.misc.Launcher$AppClassLoader.loadClass(Unknown Source)
	at java.lang.ClassLoader.loadClass(Unknown Source)
	... 27 more
... Removed 25 stack frames]]>
    </failure>
  </testcase> <!-- testLogin -->
</testsuite> <!-- ORMB Test -->
