<?xml version="1.0" encoding="UTF-8"?>
<testng-results skipped="0" failed="0" ignored="0" total="1" passed="1">
  <reporter-output>
  </reporter-output>
  <suite name="Default suite" duration-ms="38" started-at="2017-04-10T23:49:50Z" finished-at="2017-04-10T23:49:50Z">
    <groups>
    </groups>
    <test name="Default test" duration-ms="38" started-at="2017-04-10T23:49:50Z" finished-at="2017-04-10T23:49:50Z">
      <class name="vixxo.ORMBTest.AppTest">
        <test-method status="PASS" signature="Test1()[pri:0, instance:vixxo.ORMBTest.AppTest@56ef9176]" name="Test1" duration-ms="12" started-at="2017-04-10T16:49:50Z" finished-at="2017-04-10T16:49:50Z">
          <reporter-output>
          </reporter-output>
        </test-method> <!-- Test1 -->
      </class> <!-- vixxo.ORMBTest.AppTest -->
    </test> <!-- Default test -->
  </suite> <!-- Default suite -->
</testng-results>
