<?xml version="1.0" encoding="UTF-8"?>
<!-- Generated by org.testng.reporters.JUnitXMLReporter -->
<testsuite hostname="VAZSITF2MR" name="ORMB FireFoxTest" tests="1" failures="1" timestamp="14 Apr 2017 15:55:58 GMT" time="7.316" errors="0">
  <testcase name="testLogin" time="7.286" classname="vixxo.ORMBTest.ExecuteTest">
    <failure type="java.lang.NullPointerException">
      <![CDATA[java.lang.NullPointerException
	at vixxo.ORMBTest.ExecuteTest.testLogin(ExecuteTest.java:71)
	at java.util.concurrent.ThreadPoolExecutor.runWorker(ThreadPoolExecutor.java:1142)
	at java.util.concurrent.ThreadPoolExecutor$Worker.run(ThreadPoolExecutor.java:617)
	at java.lang.Thread.run(Thread.java:745)
... Removed 16 stack frames]]>
    </failure>
  </testcase>
</testsuite>
